<?xml version="1.0" encoding="UTF-8"?>
<testng-results ignored="0" total="1" passed="1" failed="0" skipped="0">
  <reporter-output>
  </reporter-output>
  <suite started-at="2024-09-01T16:04:47 IST" name="Default suite" finished-at="2024-09-01T16:04:50 IST" duration-ms="2368">
    <groups>
    </groups>
    <test started-at="2024-09-01T16:04:47 IST" name="Default test" finished-at="2024-09-01T16:04:50 IST" duration-ms="2368">
      <class name="session_03_all_methods.Test_put_method">
        <test-method signature="test04()[pri:0, instance:session_03_all_methods.Test_put_method@4ec4f3a0]" started-at="2024-09-01T16:04:47 IST" name="test04" finished-at="2024-09-01T16:04:50 IST" duration-ms="2320" status="PASS">
          <reporter-output>
          </reporter-output>
        </test-method> <!-- test04 -->
      </class> <!-- session_03_all_methods.Test_put_method -->
    </test> <!-- Default test -->
  </suite> <!-- Default suite -->
</testng-results>
